TN:
SF:src/api.ts
FN:8,(anonymous_0)
FN:13,(anonymous_1)
FN:18,(anonymous_2)
FN:23,(anonymous_3)
FN:28,(anonymous_4)
FNF:5
FNH:0
FNDA:0,(anonymous_0)
FNDA:0,(anonymous_1)
FNDA:0,(anonymous_2)
FNDA:0,(anonymous_3)
FNDA:0,(anonymous_4)
DA:4,1
DA:8,1
DA:9,0
DA:10,0
DA:13,1
DA:14,0
DA:15,0
DA:18,1
DA:19,0
DA:20,0
DA:23,1
DA:24,0
DA:25,0
DA:28,1
DA:29,0
LF:15
LH:6
BRF:0
BRH:0
end_of_record
TN:
SF:src/components/LeituraForm.tsx
FN:13,LeituraForm
FN:24,(anonymous_1)
FN:26,(anonymous_2)
FN:31,(anonymous_3)
FN:36,(anonymous_4)
FN:61,(anonymous_5)
FN:76,(anonymous_6)
FN:91,(anonymous_7)
FN:117,(anonymous_8)
FN:134,(anonymous_9)
FNF:10
FNH:3
FNDA:3,LeituraForm
FNDA:0,(anonymous_1)
FNDA:0,(anonymous_2)
FNDA:0,(anonymous_3)
FNDA:0,(anonymous_4)
FNDA:1,(anonymous_5)
FNDA:0,(anonymous_6)
FNDA:0,(anonymous_7)
FNDA:1,(anonymous_8)
FNDA:0,(anonymous_9)
DA:14,3
DA:15,3
DA:23,3
DA:25,0
DA:27,0
DA:28,0
DA:29,0
DA:32,0
DA:36,3
DA:37,0
DA:38,0
DA:41,3
DA:49,3
DA:61,1
DA:77,0
DA:92,0
DA:118,1
DA:135,0
LF:18
LH:8
BRDA:16,0,0,3
BRDA:16,0,1,0
BRDA:17,1,0,3
BRDA:17,1,1,0
BRDA:18,2,0,3
BRDA:18,2,1,0
BRDA:19,3,0,3
BRDA:19,3,1,0
BRDA:20,4,0,3
BRDA:20,4,1,0
BRDA:25,5,0,0
BRDA:25,5,1,0
BRDA:28,6,0,0
BRDA:28,6,1,0
BRDA:157,7,0,0
BRDA:157,7,1,3
BRF:16
BRH:6
end_of_record
TN:
SF:src/components/LeituraGraph.tsx
FN:20,LeituraGraph
FN:23,(anonymous_1)
FN:24,(anonymous_2)
FN:27,(anonymous_3)
FN:29,(anonymous_4)
FN:34,(anonymous_5)
FN:37,(anonymous_6)
FN:45,(anonymous_7)
FN:58,(anonymous_8)
FN:59,(anonymous_9)
FN:71,(anonymous_10)
FN:74,(anonymous_11)
FN:97,(anonymous_12)
FN:99,(anonymous_13)
FN:105,(anonymous_14)
FN:110,(anonymous_15)
FNF:16
FNH:12
FNDA:1,LeituraGraph
FNDA:1,(anonymous_1)
FNDA:3,(anonymous_2)
FNDA:1,(anonymous_3)
FNDA:0,(anonymous_4)
FNDA:2,(anonymous_5)
FNDA:3,(anonymous_6)
FNDA:3,(anonymous_7)
FNDA:1,(anonymous_8)
FNDA:3,(anonymous_9)
FNDA:0,(anonymous_10)
FNDA:2,(anonymous_11)
FNDA:0,(anonymous_12)
FNDA:0,(anonymous_13)
FNDA:3,(anonymous_14)
FNDA:9,(anonymous_15)
DA:21,1
DA:23,1
DA:24,3
DA:27,1
DA:28,1
DA:29,0
DA:32,1
DA:35,2
DA:37,3
DA:45,1
DA:46,3
DA:48,1
DA:50,1
DA:52,1
DA:54,0
DA:58,1
DA:59,3
DA:62,1
DA:71,0
DA:75,2
DA:97,0
DA:99,0
DA:106,3
DA:110,9
LF:24
LH:19
BRDA:28,0,0,0
BRDA:28,0,1,1
BRDA:46,1,0,1
BRDA:46,1,1,1
BRDA:46,1,2,1
BRDA:46,1,3,0
BRDA:99,2,0,0
BRDA:99,2,1,0
BRF:8
BRH:4
end_of_record
