{"/Users/matheusbeniniferreira/estudos/amplo/api/src/server.ts": {"path":"/Users/matheusbeniniferreira/estudos/amplo/api/src/server.ts","statementMap":{"0":{"start":{"line":1,"column":0},"end":{"line":1,"column":30}},"1":{"start":{"line":2,"column":0},"end":{"line":2,"column":51}},"2":{"start":{"line":3,"column":0},"end":{"line":3,"column":45}},"3":{"start":{"line":5,"column":12},"end":{"line":5,"column":21}},"4":{"start":{"line":7,"column":0},"end":{"line":7,"column":24}},"5":{"start":{"line":9,"column":0},"end":{"line":14,"column":3}},"6":{"start":{"line":10,"column":2},"end":{"line":10,"column":52}},"7":{"start":{"line":11,"column":2},"end":{"line":11,"column":74}},"8":{"start":{"line":12,"column":2},"end":{"line":12,"column":64}},"9":{"start":{"line":13,"column":2},"end":{"line":13,"column":9}},"10":{"start":{"line":17,"column":0},"end":{"line":17,"column":68}},"11":{"start":{"line":20,"column":0},"end":{"line":20,"column":31}},"12":{"start":{"line":22,"column":13},"end":{"line":22,"column":17}},"13":{"start":{"line":23,"column":0},"end":{"line":25,"column":3}},"14":{"start":{"line":24,"column":2},"end":{"line":24,"column":51}},"15":{"start":{"line":27,"column":0},"end":{"line":27,"column":19}}},"fnMap":{"0":{"name":"(anonymous_1)","decl":{"start":{"line":9,"column":8},"end":{"line":9,"column":9}},"loc":{"start":{"line":9,"column":28},"end":{"line":14,"column":1}}},"1":{"name":"(anonymous_2)","decl":{"start":{"line":23,"column":17},"end":{"line":23,"column":20}},"loc":{"start":{"line":23,"column":22},"end":{"line":25,"column":1}}}},"branchMap":{},"s":{"0":1,"1":1,"2":1,"3":1,"4":1,"5":1,"6":7,"7":7,"8":7,"9":7,"10":1,"11":1,"12":1,"13":1,"14":1,"15":1},"f":{"0":7,"1":1},"b":{}}
,"/Users/matheusbeniniferreira/estudos/amplo/api/src/swagger.ts": {"path":"/Users/matheusbeniniferreira/estudos/amplo/api/src/swagger.ts","statementMap":{"0":{"start":{"line":2,"column":0},"end":{"line":2,"column":41}},"1":{"start":{"line":3,"column":0},"end":{"line":3,"column":7}},"2":{"start":{"line":28,"column":9},"end":{"line":3,"column":43}},"3":{"start":{"line":4,"column":0},"end":{"line":4,"column":24}},"4":{"start":{"line":7,"column":23},"end":{"line":22,"column":2}},"5":{"start":{"line":25,"column":20},"end":{"line":25,"column":48}},"6":{"start":{"line":28,"column":20},"end":{"line":28,"column":31}}},"fnMap":{},"branchMap":{},"s":{"0":1,"1":1,"2":1,"3":1,"4":1,"5":1,"6":1},"f":{},"b":{}}
,"/Users/matheusbeniniferreira/estudos/amplo/api/src/config/database.ts": {"path":"/Users/matheusbeniniferreira/estudos/amplo/api/src/config/database.ts","statementMap":{"0":{"start":{"line":1,"column":0},"end":{"line":1,"column":38}},"1":{"start":{"line":2,"column":0},"end":{"line":2,"column":28}},"2":{"start":{"line":4,"column":0},"end":{"line":4,"column":16}},"3":{"start":{"line":6,"column":18},"end":{"line":15,"column":null}},"4":{"start":{"line":18,"column":0},"end":{"line":18,"column":25}}},"fnMap":{},"branchMap":{},"s":{"0":1,"1":1,"2":1,"3":1,"4":1},"f":{},"b":{}}
,"/Users/matheusbeniniferreira/estudos/amplo/api/src/controllers/leitura.ts": {"path":"/Users/matheusbeniniferreira/estudos/amplo/api/src/controllers/leitura.ts","statementMap":{"0":{"start":{"line":2,"column":0},"end":{"line":2,"column":40}},"1":{"start":{"line":4,"column":27},"end":{"line":11,"column":2}},"2":{"start":{"line":4,"column":65},"end":{"line":11,"column":2}},"3":{"start":{"line":5,"column":2},"end":{"line":10,"column":3}},"4":{"start":{"line":6,"column":21},"end":{"line":6,"column":44}},"5":{"start":{"line":7,"column":4},"end":{"line":7,"column":35}},"6":{"start":{"line":9,"column":4},"end":{"line":9,"column":72}},"7":{"start":{"line":4,"column":13},"end":{"line":4,"column":27}},"8":{"start":{"line":13,"column":29},"end":{"line":24,"column":2}},"9":{"start":{"line":13,"column":67},"end":{"line":24,"column":2}},"10":{"start":{"line":14,"column":2},"end":{"line":23,"column":3}},"11":{"start":{"line":15,"column":46},"end":{"line":15,"column":54}},"12":{"start":{"line":16,"column":4},"end":{"line":18,"column":5}},"13":{"start":{"line":17,"column":6},"end":{"line":17,"column":83}},"14":{"start":{"line":19,"column":24},"end":{"line":19,"column":79}},"15":{"start":{"line":20,"column":4},"end":{"line":20,"column":38}},"16":{"start":{"line":22,"column":4},"end":{"line":22,"column":70}},"17":{"start":{"line":13,"column":13},"end":{"line":13,"column":29}},"18":{"start":{"line":26,"column":30},"end":{"line":40,"column":2}},"19":{"start":{"line":26,"column":68},"end":{"line":40,"column":2}},"20":{"start":{"line":27,"column":17},"end":{"line":27,"column":27}},"21":{"start":{"line":29,"column":2},"end":{"line":39,"column":3}},"22":{"start":{"line":30,"column":20},"end":{"line":30,"column":46}},"23":{"start":{"line":32,"column":4},"end":{"line":34,"column":5}},"24":{"start":{"line":33,"column":6},"end":{"line":33,"column":73}},"25":{"start":{"line":36,"column":4},"end":{"line":36,"column":41}},"26":{"start":{"line":38,"column":4},"end":{"line":38,"column":78}},"27":{"start":{"line":26,"column":13},"end":{"line":26,"column":30}},"28":{"start":{"line":42,"column":29},"end":{"line":68,"column":2}},"29":{"start":{"line":42,"column":67},"end":{"line":68,"column":2}},"30":{"start":{"line":43,"column":17},"end":{"line":43,"column":27}},"31":{"start":{"line":44,"column":44},"end":{"line":44,"column":52}},"32":{"start":{"line":46,"column":2},"end":{"line":67,"column":3}},"33":{"start":{"line":47,"column":20},"end":{"line":47,"column":46}},"34":{"start":{"line":49,"column":4},"end":{"line":51,"column":5}},"35":{"start":{"line":50,"column":6},"end":{"line":50,"column":73}},"36":{"start":{"line":53,"column":4},"end":{"line":55,"column":5}},"37":{"start":{"line":54,"column":6},"end":{"line":54,"column":83}},"38":{"start":{"line":57,"column":4},"end":{"line":57,"column":26}},"39":{"start":{"line":58,"column":4},"end":{"line":58,"column":34}},"40":{"start":{"line":59,"column":4},"end":{"line":59,"column":24}},"41":{"start":{"line":60,"column":4},"end":{"line":60,"column":26}},"42":{"start":{"line":62,"column":4},"end":{"line":62,"column":25}},"43":{"start":{"line":64,"column":4},"end":{"line":64,"column":41}},"44":{"start":{"line":66,"column":4},"end":{"line":66,"column":81}},"45":{"start":{"line":42,"column":13},"end":{"line":42,"column":29}},"46":{"start":{"line":70,"column":36},"end":{"line":91,"column":2}},"47":{"start":{"line":70,"column":74},"end":{"line":91,"column":2}},"48":{"start":{"line":71,"column":17},"end":{"line":71,"column":27}},"49":{"start":{"line":72,"column":18},"end":{"line":72,"column":26}},"50":{"start":{"line":74,"column":2},"end":{"line":90,"column":3}},"51":{"start":{"line":75,"column":20},"end":{"line":75,"column":46}},"52":{"start":{"line":77,"column":4},"end":{"line":79,"column":5}},"53":{"start":{"line":78,"column":6},"end":{"line":78,"column":73}},"54":{"start":{"line":81,"column":4},"end":{"line":83,"column":5}},"55":{"start":{"line":82,"column":6},"end":{"line":82,"column":78}},"56":{"start":{"line":85,"column":4},"end":{"line":85,"column":34}},"57":{"start":{"line":87,"column":4},"end":{"line":87,"column":41}},"58":{"start":{"line":89,"column":4},"end":{"line":89,"column":81}},"59":{"start":{"line":70,"column":13},"end":{"line":70,"column":36}},"60":{"start":{"line":93,"column":29},"end":{"line":109,"column":2}},"61":{"start":{"line":93,"column":67},"end":{"line":109,"column":2}},"62":{"start":{"line":94,"column":17},"end":{"line":94,"column":27}},"63":{"start":{"line":96,"column":2},"end":{"line":108,"column":3}},"64":{"start":{"line":97,"column":20},"end":{"line":97,"column":46}},"65":{"start":{"line":99,"column":4},"end":{"line":101,"column":5}},"66":{"start":{"line":100,"column":6},"end":{"line":100,"column":73}},"67":{"start":{"line":103,"column":4},"end":{"line":103,"column":28}},"68":{"start":{"line":105,"column":4},"end":{"line":105,"column":77}},"69":{"start":{"line":107,"column":4},"end":{"line":107,"column":79}},"70":{"start":{"line":93,"column":13},"end":{"line":93,"column":29}}},"fnMap":{"0":{"name":"(anonymous_8)","decl":{"start":{"line":4,"column":27},"end":{"line":4,"column":34}},"loc":{"start":{"line":4,"column":65},"end":{"line":11,"column":2}}},"1":{"name":"(anonymous_9)","decl":{"start":{"line":4,"column":65},"end":{"line":4,"column":null}},"loc":{"start":{"line":4,"column":65},"end":{"line":11,"column":1}}},"2":{"name":"(anonymous_10)","decl":{"start":{"line":13,"column":29},"end":{"line":13,"column":36}},"loc":{"start":{"line":13,"column":67},"end":{"line":24,"column":2}}},"3":{"name":"(anonymous_11)","decl":{"start":{"line":13,"column":67},"end":{"line":13,"column":null}},"loc":{"start":{"line":13,"column":67},"end":{"line":24,"column":1}}},"4":{"name":"(anonymous_12)","decl":{"start":{"line":26,"column":30},"end":{"line":26,"column":37}},"loc":{"start":{"line":26,"column":68},"end":{"line":40,"column":2}}},"5":{"name":"(anonymous_13)","decl":{"start":{"line":26,"column":68},"end":{"line":26,"column":null}},"loc":{"start":{"line":26,"column":68},"end":{"line":40,"column":1}}},"6":{"name":"(anonymous_14)","decl":{"start":{"line":42,"column":29},"end":{"line":42,"column":36}},"loc":{"start":{"line":42,"column":67},"end":{"line":68,"column":2}}},"7":{"name":"(anonymous_15)","decl":{"start":{"line":42,"column":67},"end":{"line":42,"column":null}},"loc":{"start":{"line":42,"column":67},"end":{"line":68,"column":1}}},"8":{"name":"(anonymous_16)","decl":{"start":{"line":70,"column":36},"end":{"line":70,"column":43}},"loc":{"start":{"line":70,"column":74},"end":{"line":91,"column":2}}},"9":{"name":"(anonymous_17)","decl":{"start":{"line":70,"column":74},"end":{"line":70,"column":null}},"loc":{"start":{"line":70,"column":74},"end":{"line":91,"column":1}}},"10":{"name":"(anonymous_18)","decl":{"start":{"line":93,"column":29},"end":{"line":93,"column":36}},"loc":{"start":{"line":93,"column":67},"end":{"line":109,"column":2}}},"11":{"name":"(anonymous_19)","decl":{"start":{"line":93,"column":67},"end":{"line":93,"column":null}},"loc":{"start":{"line":93,"column":67},"end":{"line":109,"column":1}}}},"branchMap":{"0":{"loc":{"start":{"line":16,"column":4},"end":{"line":18,"column":5}},"type":"if","locations":[{"start":{"line":16,"column":4},"end":{"line":18,"column":5}}]},"1":{"loc":{"start":{"line":16,"column":8},"end":{"line":16,"column":47}},"type":"binary-expr","locations":[{"start":{"line":16,"column":8},"end":{"line":16,"column":14}},{"start":{"line":16,"column":18},"end":{"line":16,"column":28}},{"start":{"line":16,"column":32},"end":{"line":16,"column":37}},{"start":{"line":16,"column":41},"end":{"line":16,"column":47}}]},"2":{"loc":{"start":{"line":32,"column":4},"end":{"line":34,"column":5}},"type":"if","locations":[{"start":{"line":32,"column":4},"end":{"line":34,"column":5}}]},"3":{"loc":{"start":{"line":49,"column":4},"end":{"line":51,"column":5}},"type":"if","locations":[{"start":{"line":49,"column":4},"end":{"line":51,"column":5}}]},"4":{"loc":{"start":{"line":53,"column":4},"end":{"line":55,"column":5}},"type":"if","locations":[{"start":{"line":53,"column":4},"end":{"line":55,"column":5}}]},"5":{"loc":{"start":{"line":53,"column":8},"end":{"line":53,"column":47}},"type":"binary-expr","locations":[{"start":{"line":53,"column":8},"end":{"line":53,"column":14}},{"start":{"line":53,"column":18},"end":{"line":53,"column":28}},{"start":{"line":53,"column":32},"end":{"line":53,"column":37}},{"start":{"line":53,"column":41},"end":{"line":53,"column":47}}]},"6":{"loc":{"start":{"line":77,"column":4},"end":{"line":79,"column":5}},"type":"if","locations":[{"start":{"line":77,"column":4},"end":{"line":79,"column":5}}]},"7":{"loc":{"start":{"line":81,"column":4},"end":{"line":83,"column":5}},"type":"if","locations":[{"start":{"line":81,"column":4},"end":{"line":83,"column":5}}]},"8":{"loc":{"start":{"line":81,"column":8},"end":{"line":81,"column":79}},"type":"binary-expr","locations":[{"start":{"line":81,"column":8},"end":{"line":81,"column":22}},{"start":{"line":81,"column":26},"end":{"line":81,"column":44}},{"start":{"line":81,"column":48},"end":{"line":81,"column":61}},{"start":{"line":81,"column":65},"end":{"line":81,"column":79}}]},"9":{"loc":{"start":{"line":99,"column":4},"end":{"line":101,"column":5}},"type":"if","locations":[{"start":{"line":99,"column":4},"end":{"line":101,"column":5}}]}},"s":{"0":1,"1":1,"2":1,"3":1,"4":1,"5":0,"6":1,"7":1,"8":1,"9":0,"10":0,"11":0,"12":0,"13":0,"14":0,"15":0,"16":0,"17":1,"18":1,"19":2,"20":2,"21":2,"22":2,"23":0,"24":0,"25":0,"26":2,"27":1,"28":1,"29":2,"30":2,"31":2,"32":2,"33":2,"34":0,"35":0,"36":0,"37":0,"38":0,"39":0,"40":0,"41":0,"42":0,"43":0,"44":2,"45":1,"46":1,"47":1,"48":1,"49":1,"50":1,"51":1,"52":0,"53":0,"54":0,"55":0,"56":0,"57":0,"58":1,"59":1,"60":1,"61":1,"62":1,"63":1,"64":1,"65":0,"66":0,"67":0,"68":0,"69":1,"70":1},"f":{"0":1,"1":1,"2":0,"3":0,"4":2,"5":2,"6":2,"7":2,"8":1,"9":1,"10":1,"11":1},"b":{"0":[0],"1":[0,0,0,0],"2":[0],"3":[0],"4":[0],"5":[0,0,0,0],"6":[0],"7":[0],"8":[0,0,0,0],"9":[0]}}
,"/Users/matheusbeniniferreira/estudos/amplo/api/src/models/leitura.ts": {"path":"/Users/matheusbeniniferreira/estudos/amplo/api/src/models/leitura.ts","statementMap":{"0":{"start":{"line":1,"column":0},"end":{"line":1,"column":45}},"1":{"start":{"line":2,"column":0},"end":{"line":2,"column":43}},"2":{"start":{"line":12,"column":0},"end":{"line":40,"column":2}},"3":{"start":{"line":42,"column":0},"end":{"line":42,"column":23}}},"fnMap":{},"branchMap":{},"s":{"0":1,"1":1,"2":1,"3":1},"f":{},"b":{}}
,"/Users/matheusbeniniferreira/estudos/amplo/api/src/routes/leitura.ts": {"path":"/Users/matheusbeniniferreira/estudos/amplo/api/src/routes/leitura.ts","statementMap":{"0":{"start":{"line":1,"column":0},"end":{"line":1,"column":52}},"1":{"start":{"line":2,"column":0},"end":{"line":2,"column":121}},"2":{"start":{"line":4,"column":15},"end":{"line":4,"column":23}},"3":{"start":{"line":7,"column":0},"end":{"line":13,"column":3}},"4":{"start":{"line":7,"column":62},"end":{"line":13,"column":2}},"5":{"start":{"line":8,"column":2},"end":{"line":12,"column":3}},"6":{"start":{"line":9,"column":4},"end":{"line":9,"column":32}},"7":{"start":{"line":11,"column":4},"end":{"line":11,"column":61}},"8":{"start":{"line":16,"column":0},"end":{"line":22,"column":3}},"9":{"start":{"line":16,"column":66},"end":{"line":22,"column":2}},"10":{"start":{"line":17,"column":2},"end":{"line":21,"column":3}},"11":{"start":{"line":18,"column":4},"end":{"line":18,"column":35}},"12":{"start":{"line":20,"column":4},"end":{"line":20,"column":61}},"13":{"start":{"line":25,"column":0},"end":{"line":31,"column":3}},"14":{"start":{"line":25,"column":66},"end":{"line":31,"column":2}},"15":{"start":{"line":26,"column":2},"end":{"line":30,"column":3}},"16":{"start":{"line":27,"column":4},"end":{"line":27,"column":34}},"17":{"start":{"line":29,"column":4},"end":{"line":29,"column":61}},"18":{"start":{"line":34,"column":0},"end":{"line":40,"column":3}},"19":{"start":{"line":34,"column":68},"end":{"line":40,"column":2}},"20":{"start":{"line":35,"column":2},"end":{"line":39,"column":3}},"21":{"start":{"line":36,"column":4},"end":{"line":36,"column":41}},"22":{"start":{"line":38,"column":4},"end":{"line":38,"column":61}},"23":{"start":{"line":43,"column":0},"end":{"line":49,"column":3}},"24":{"start":{"line":43,"column":69},"end":{"line":49,"column":2}},"25":{"start":{"line":44,"column":2},"end":{"line":48,"column":3}},"26":{"start":{"line":45,"column":4},"end":{"line":45,"column":34}},"27":{"start":{"line":47,"column":4},"end":{"line":47,"column":61}},"28":{"start":{"line":51,"column":0},"end":{"line":51,"column":22}}},"fnMap":{"0":{"name":"(anonymous_7)","decl":{"start":{"line":7,"column":24},"end":{"line":7,"column":31}},"loc":{"start":{"line":7,"column":62},"end":{"line":13,"column":2}}},"1":{"name":"(anonymous_8)","decl":{"start":{"line":7,"column":62},"end":{"line":7,"column":null}},"loc":{"start":{"line":7,"column":62},"end":{"line":13,"column":1}}},"2":{"name":"(anonymous_9)","decl":{"start":{"line":16,"column":28},"end":{"line":16,"column":35}},"loc":{"start":{"line":16,"column":66},"end":{"line":22,"column":2}}},"3":{"name":"(anonymous_10)","decl":{"start":{"line":16,"column":66},"end":{"line":16,"column":null}},"loc":{"start":{"line":16,"column":66},"end":{"line":22,"column":1}}},"4":{"name":"(anonymous_11)","decl":{"start":{"line":25,"column":28},"end":{"line":25,"column":35}},"loc":{"start":{"line":25,"column":66},"end":{"line":31,"column":2}}},"5":{"name":"(anonymous_12)","decl":{"start":{"line":25,"column":66},"end":{"line":25,"column":null}},"loc":{"start":{"line":25,"column":66},"end":{"line":31,"column":1}}},"6":{"name":"(anonymous_13)","decl":{"start":{"line":34,"column":30},"end":{"line":34,"column":37}},"loc":{"start":{"line":34,"column":68},"end":{"line":40,"column":2}}},"7":{"name":"(anonymous_14)","decl":{"start":{"line":34,"column":68},"end":{"line":34,"column":null}},"loc":{"start":{"line":34,"column":68},"end":{"line":40,"column":1}}},"8":{"name":"(anonymous_15)","decl":{"start":{"line":43,"column":31},"end":{"line":43,"column":38}},"loc":{"start":{"line":43,"column":69},"end":{"line":49,"column":2}}},"9":{"name":"(anonymous_16)","decl":{"start":{"line":43,"column":69},"end":{"line":43,"column":null}},"loc":{"start":{"line":43,"column":69},"end":{"line":49,"column":1}}}},"branchMap":{},"s":{"0":1,"1":1,"2":1,"3":1,"4":1,"5":1,"6":1,"7":0,"8":1,"9":2,"10":2,"11":2,"12":0,"13":1,"14":2,"15":2,"16":2,"17":0,"18":1,"19":1,"20":1,"21":1,"22":0,"23":1,"24":1,"25":1,"26":1,"27":0,"28":1},"f":{"0":1,"1":1,"2":2,"3":2,"4":2,"5":2,"6":1,"7":1,"8":1,"9":1},"b":{}}
}
